# JRE version: OpenJDK Runtime Environment 18.9 (11.0.11+9) (build 11.0.11+9)
# Java VM: OpenJDK 64-Bit Server VM 18.9 (11.0.11+9, mixed mode, tiered, compressed oops, g1 gc, windows-amd64)
Heap:
 garbage-first heap   total 262144K, used 124552K [0x0000000740000000, 0x0000000800000000)
  region size 1024K, 58 young (59392K), 1 survivors (1024K)
 Metaspace       used 60947K, capacity 62261K, committed 62384K, reserved 1103872K
  class space    used 7525K, capacity 8098K, committed 8192K, reserved 1048576K
GC Heap History (20 events):
Event: 12.845 GC heap before
{Heap before GC invocations=1 (full 0):
 garbage-first heap   total 262144K, used 71749K [0x0000000740000000, 0x0000000800000000)
  region size 1024K, 60 young (61440K), 8 survivors (8192K)
 Metaspace       used 20587K, capacity 21122K, committed 21296K, reserved 1069056K
  class space    used 1818K, capacity 2071K, committed 2176K, reserved 1048576K
}
Event: 12.859 GC heap after
{Heap after GC invocations=2 (full 0):
 garbage-first heap   total 262144K, used 21951K [0x0000000740000000, 0x0000000800000000)
  region size 1024K, 4 young (4096K), 4 survivors (4096K)
 Metaspace       used 20587K, capacity 21122K, committed 21296K, reserved 1069056K
  class space    used 1818K, capacity 2071K, committed 2176K, reserved 1048576K
}
Event: 12.900 GC heap before
{Heap before GC invocations=2 (full 0):
 garbage-first heap   total 262144K, used 23999K [0x0000000740000000, 0x0000000800000000)
  region size 1024K, 7 young (7168K), 4 survivors (4096K)
 Metaspace       used 20631K, capacity 21122K, committed 21296K, reserved 1069056K
  class space    used 1821K, capacity 2071K, committed 2176K, reserved 1048576K
}
Event: 12.904 GC heap after
{Heap after GC invocations=3 (full 0):
 garbage-first heap   total 262144K, used 22052K [0x0000000740000000, 0x0000000800000000)
  region size 1024K, 4 young (4096K), 4 survivors (4096K)
 Metaspace       used 20631K, capacity 21122K, committed 21296K, reserved 1069056K
  class space    used 1821K, capacity 2071K, committed 2176K, reserved 1048576K
}
Event: 14.999 GC heap before
{Heap before GC invocations=4 (full 0):
 garbage-first heap   total 262144K, used 80420K [0x0000000740000000, 0x0000000800000000)
  region size 1024K, 60 young (61440K), 4 survivors (4096K)
 Metaspace       used 27818K, capacity 28433K, committed 28592K, reserved 1075200K
  class space    used 2736K, capacity 2993K, committed 3072K, reserved 1048576K
}
Event: 15.003 GC heap after
{Heap after GC invocations=5 (full 0):
 garbage-first heap   total 262144K, used 26834K [0x0000000740000000, 0x0000000800000000)
  region size 1024K, 8 young (8192K), 8 survivors (8192K)
 Metaspace       used 27818K, capacity 28433K, committed 28592K, reserved 1075200K
  class space    used 2736K, capacity 2993K, committed 3072K, reserved 1048576K
}
Event: 16.178 GC heap before
{Heap before GC invocations=5 (full 0):
 garbage-first heap   total 262144K, used 83154K [0x0000000740000000, 0x0000000800000000)
  region size 1024K, 60 young (61440K), 8 survivors (8192K)
 Metaspace       used 32126K, capacity 32763K, committed 32944K, reserved 1079296K
  class space    used 3250K, capacity 3536K, committed 3584K, reserved 1048576K
}
Event: 16.183 GC heap after
{Heap after GC invocations=6 (full 0):
 garbage-first heap   total 262144K, used 33449K [0x0000000740000000, 0x0000000800000000)
  region size 1024K, 4 young (4096K), 4 survivors (4096K)
 Metaspace       used 32126K, capacity 32763K, committed 32944K, reserved 1079296K
  class space    used 3250K, capacity 3536K, committed 3584K, reserved 1048576K
}
Event: 16.621 GC heap before
{Heap before GC invocations=6 (full 0):
 garbage-first heap   total 262144K, used 79529K [0x0000000740000000, 0x0000000800000000)
  region size 1024K, 50 young (51200K), 4 survivors (4096K)
 Metaspace       used 35001K, capacity 35658K, committed 35888K, reserved 1081344K
  class space    used 3689K, capacity 3966K, committed 3968K, reserved 1048576K
}
Event: 16.625 GC heap after
{Heap after GC invocations=7 (full 0):
 garbage-first heap   total 262144K, used 31834K [0x0000000740000000, 0x0000000800000000)
  region size 1024K, 4 young (4096K), 4 survivors (4096K)
 Metaspace       used 35001K, capacity 35658K, committed 35888K, reserved 1081344K
  class space    used 3689K, capacity 3966K, committed 3968K, reserved 1048576K
}
Event: 21.994 GC heap before
{Heap before GC invocations=8 (full 0):
 garbage-first heap   total 262144K, used 89178K [0x0000000740000000, 0x0000000800000000)
  region size 1024K, 60 young (61440K), 4 survivors (4096K)
 Metaspace       used 45491K, capacity 46330K, committed 46640K, reserved 1091584K
  class space    used 5099K, capacity 5498K, committed 5504K, reserved 1048576K
}
Event: 22.000 GC heap after
{Heap after GC invocations=9 (full 0):
 garbage-first heap   total 262144K, used 37222K [0x0000000740000000, 0x0000000800000000)
  region size 1024K, 8 young (8192K), 8 survivors (8192K)
 Metaspace       used 45491K, capacity 46330K, committed 46640K, reserved 1091584K
  class space    used 5099K, capacity 5498K, committed 5504K, reserved 1048576K
}
Event: 23.631 GC heap before
{Heap before GC invocations=9 (full 0):
 garbage-first heap   total 262144K, used 90470K [0x0000000740000000, 0x0000000800000000)
  region size 1024K, 60 young (61440K), 8 survivors (8192K)
 Metaspace       used 51041K, capacity 51987K, committed 52144K, reserved 1095680K
  class space    used 5881K, capacity 6324K, committed 6400K, reserved 1048576K
}
Event: 23.640 GC heap after
{Heap after GC invocations=10 (full 0):
 garbage-first heap   total 262144K, used 45987K [0x0000000740000000, 0x0000000800000000)
  region size 1024K, 8 young (8192K), 8 survivors (8192K)
 Metaspace       used 51041K, capacity 51987K, committed 52144K, reserved 1095680K
  class space    used 5881K, capacity 6324K, committed 6400K, reserved 1048576K
}
Event: 24.458 GC heap before
{Heap before GC invocations=10 (full 0):
 garbage-first heap   total 262144K, used 99235K [0x0000000740000000, 0x0000000800000000)
  region size 1024K, 60 young (61440K), 8 survivors (8192K)
 Metaspace       used 52323K, capacity 53309K, committed 53552K, reserved 1095680K
  class space    used 6085K, capacity 6518K, committed 6528K, reserved 1048576K
}
Event: 24.464 GC heap after
{Heap after GC invocations=11 (full 0):
 garbage-first heap   total 262144K, used 47918K [0x0000000740000000, 0x0000000800000000)
  region size 1024K, 5 young (5120K), 5 survivors (5120K)
 Metaspace       used 52323K, capacity 53309K, committed 53552K, reserved 1095680K
  class space    used 6085K, capacity 6518K, committed 6528K, reserved 1048576K
}
Event: 27.136 GC heap before
{Heap before GC invocations=11 (full 0):
 garbage-first heap   total 262144K, used 111406K [0x0000000740000000, 0x0000000800000000)
  region size 1024K, 60 young (61440K), 5 survivors (5120K)
 Metaspace       used 58674K, capacity 59836K, committed 59952K, reserved 1101824K
  class space    used 7224K, capacity 7757K, committed 7808K, reserved 1048576K
}
Event: 27.145 GC heap after
{Heap after GC invocations=12 (full 0):
 garbage-first heap   total 262144K, used 64317K [0x0000000740000000, 0x0000000800000000)
  region size 1024K, 8 young (8192K), 8 survivors (8192K)
 Metaspace       used 58674K, capacity 59836K, committed 59952K, reserved 1101824K
  class space    used 7224K, capacity 7757K, committed 7808K, reserved 1048576K
}
Event: 27.191 GC heap before
{Heap before GC invocations=12 (full 0):
 garbage-first heap   total 262144K, used 64317K [0x0000000740000000, 0x0000000800000000)
  region size 1024K, 9 young (9216K), 8 survivors (8192K)
 Metaspace       used 58727K, capacity 59900K, committed 59952K, reserved 1101824K
  class space    used 7225K, capacity 7757K, committed 7808K, reserved 1048576K
}
Event: 27.198 GC heap after
{Heap after GC invocations=13 (full 0):
 garbage-first heap   total 262144K, used 65160K [0x0000000740000000, 0x0000000800000000)
  region size 1024K, 1 young (1024K), 1 survivors (1024K)
 Metaspace       used 58727K, capacity 59900K, committed 59952K, reserved 1101824K
  class space    used 7225K, capacity 7757K, committed 7808K, reserved 1048576K
}

